cc1plus: warning: type qualifiers ignored on function return type [-Wignored-qualifiers]
cc1plus: warning: type qualifiers ignored on function return type [-Wignored-qualifiers]
../main.cpp: In function 'bool window(int, int)':
../main.cpp:72:1: warning: control reaches end of non-void function [-Wreturn-type]
 }
 ^
In file included from ../PokittoLib/Pokitto.h:50:0,
                 from ../main.cpp:2:
../PokittoLib/POKITTO_HW/PokittoEEPROM.h: At global scope:
../PokittoLib/POKITTO_HW/PokittoEEPROM.h:144:20: warning: 'EEPROM' defined but not used [-Wunused-variable]
 static EEPROMClass EEPROM;
                    ^~~~~~
In file included from ../PokittoLib/POKITTO_CORE/PokittoGlobs.h:48:0,
                 from ../PokittoLib/POKITTO_CORE/PokittoDisplay.h:73,
                 from ../PokittoLib/POKITTO_CORE/PokittoCore.h:57,
                 from ../PokittoLib/Pokitto.h:41,
                 from ../main.cpp:2:
../PokittoLib/POKITTO_HW/HWLCD.h:153:13: warning: 'void Pokitto::setup_gpio()' defined but not used [-Wunused-function]
 static void setup_gpio()
             ^~~~~~~~~~
../main.cpp: In function 'void movePlayer()':
../main.cpp:239:9: warning: array subscript is above array bounds [-Warray-bounds]
    print( endings[exit.tx-1] );
    ~~~~~^~~~~~~~~~~~~~~~~~~~~~
/home/manga/Projects/Pokitto/gcc-arm-none-eabi-7-2017-q4-major/bin/../lib/gcc/arm-none-eabi/7.2.1/../../../../arm-none-eabi/bin/ld: HelloWorld.elf section `.text' will not fit in region `MFlash256'
/home/manga/Projects/Pokitto/gcc-arm-none-eabi-7-2017-q4-major/bin/../lib/gcc/arm-none-eabi/7.2.1/../../../../arm-none-eabi/bin/ld: region `MFlash256' overflowed by 290068 bytes
collect2: error: ld returned 1 exit status
make[1]: *** [HelloWorld.elf] Error 1
make: *** [all] Error 2
