cc1plus: warning: type qualifiers ignored on function return type [-Wignored-qualifiers]
cc1plus: warning: type qualifiers ignored on function return type [-Wignored-qualifiers]
In file included from ../main.cpp:22:0:
../bitsy.h:347:16: error: scalar object 'palette0' requires one element in initializer
 const uint16_t palette0={0x4008, 0xc80c, 0xfabf};
                ^~~~~~~~
../bitsy.h:348:16: error: scalar object 'palette1' requires one element in initializer
 const uint16_t palette1={0x4008, 0x780f, 0xf000};
                ^~~~~~~~
../main.cpp: In function 'void stateMap()':
../main.cpp:235:25: warning: comparison of unsigned expression < 0 is always false [-Wtype-limits]
     for( uint32_t i=0; i<itemCount; ++i ){
                        ~^~~~~~~~~~
In file included from ../PokittoLib/Pokitto.h:50:0,
                 from ../main.cpp:2:
../PokittoLib/POKITTO_HW/PokittoEEPROM.h: At global scope:
../PokittoLib/POKITTO_HW/PokittoEEPROM.h:144:20: warning: 'EEPROM' defined but not used [-Wunused-variable]
 static EEPROMClass EEPROM;
                    ^~~~~~
In file included from ../PokittoLib/POKITTO_CORE/PokittoGlobs.h:48:0,
                 from ../PokittoLib/POKITTO_CORE/PokittoDisplay.h:73,
                 from ../PokittoLib/POKITTO_CORE/PokittoCore.h:57,
                 from ../PokittoLib/Pokitto.h:41,
                 from ../main.cpp:2:
../PokittoLib/POKITTO_HW/HWLCD.h:146:13: warning: 'void Pokitto::setup_gpio()' defined but not used [-Wunused-function]
 static void setup_gpio()
             ^~~~~~~~~~
make[1]: *** [main.o] Error 1
make: *** [all] Error 2
